<?xml version="1.0" encoding="UTF-8"?>
<!-- Generated by org.testng.reporters.JUnitReportReporter -->
<testsuite hostname="Priya" failures="0" tests="1" name="com.Spotify.Api" time="2.208" errors="0" timestamp="2022-11-18T13:46:41 IST" skipped="0">
  <testcase classname="com.Spotify.Api" name="getPlaylist" time="2.208"/>
  <system-out/>
</testsuite> <!-- com.Spotify.Api -->
